<?xml version="1.0" encoding="UTF-8"?><testsuite errors="1" failures="3" name="Testing different products on the Best Api Application" skipped="0" tests="4" time="7.89" timestamp="2022-06-20T21:58:09.589+01:00[Europe/London]"><testcase name="Check if the GoRest application is accessed by the users"><failure message="1 expectation failed.&#10;Expected status code &lt;200&gt; but was &lt;429&gt;.&#10;" type="java.lang.AssertionError">1 expectation failed.
Expected status code &lt;200&gt; but was &lt;429&gt;.
</failure><system-err>1 expectation failed.
Expected status code &lt;200&gt; but was &lt;429&gt;.
&#13;
io.restassured.internal.ResponseSpecificationImpl.validateResponseIfRequired(ResponseSpecificationImpl.groovy:636)&#13;
io.restassured.internal.ResponseSpecificationImpl.statusCode(ResponseSpecificationImpl.groovy:122)&#13;
io.restassured.internal.ResponseSpecificationImpl.statusCode(ResponseSpecificationImpl.groovy:130)&#13;
io.restassured.internal.ValidatableResponseOptionsImpl.statusCode(ValidatableResponseOptionsImpl.java:117)&#13;
com.restapiexample.dummy.cucumber.MyStepdefs.userCanGetBackAValidStatusCodeOfEmployees(MyStepdefs.java:43)&#13;
✽.Then User can get back a valid status code 200 of employees(Productinfo.feature:6)&#13;
</system-err></testcase><testcase name="Check if User can add  employees in the application"><failure message="1 expectation failed.&#10;Expected status code &lt;201&gt; but was &lt;200&gt;.&#10;" type="java.lang.AssertionError">1 expectation failed.
Expected status code &lt;201&gt; but was &lt;200&gt;.
</failure><system-err>1 expectation failed.
Expected status code &lt;201&gt; but was &lt;200&gt;.
&#13;
io.restassured.internal.ResponseSpecificationImpl.validateResponseIfRequired(ResponseSpecificationImpl.groovy:636)&#13;
io.restassured.internal.ResponseSpecificationImpl.statusCode(ResponseSpecificationImpl.groovy:122)&#13;
io.restassured.internal.ResponseSpecificationImpl.statusCode(ResponseSpecificationImpl.groovy:130)&#13;
io.restassured.internal.ValidatableResponseOptionsImpl.statusCode(ValidatableResponseOptionsImpl.java:117)&#13;
com.restapiexample.dummy.cucumber.MyStepdefs.userCanCreateNewEmployeeUsingPOSTMethodInProductsApplication(MyStepdefs.java:54)&#13;
✽.When User can create new employee using POST method in products application(Productinfo.feature:10)&#13;
</system-err></testcase><testcase name="Check if User can update  employees in the application"><error message="Invalid number of path parameters. Expected 1, was 0. Undefined path parameters are: employeeID." type="java.lang.IllegalArgumentException">Invalid number of path parameters. Expected 1, was 0. Undefined path parameters are: employeeID.</error><system-err>Invalid number of path parameters. Expected 1, was 0. Undefined path parameters are: employeeID.&#13;
io.restassured.internal.RequestSpecificationImpl.assertCorrectNumberOfPathParams(RequestSpecificationImpl.groovy:1336)&#13;
groovy.lang.MetaMethod.doMethodInvoke(MetaMethod.java:325)&#13;
groovy.lang.MetaClassImpl.invokeMethod(MetaClassImpl.java:1213)&#13;
groovy.lang.MetaClassImpl.invokeMethod(MetaClassImpl.java:1022)&#13;
groovy.lang.MetaClassImpl.invokeMethod(MetaClassImpl.java:810)&#13;
io.restassured.internal.RequestSpecificationImpl.invokeMethod(RequestSpecificationImpl.groovy)&#13;
io.restassured.internal.RequestSpecificationImpl.sendRequest(RequestSpecificationImpl.groovy:1223)&#13;
groovy.lang.MetaMethod.doMethodInvoke(MetaMethod.java:325)&#13;
groovy.lang.MetaClassImpl.invokeMethod(MetaClassImpl.java:1213)&#13;
groovy.lang.MetaClassImpl.invokeMethod(MetaClassImpl.java:1022)&#13;
groovy.lang.MetaClassImpl.invokeMethod(MetaClassImpl.java:810)&#13;
io.restassured.internal.RequestSpecificationImpl.invokeMethod(RequestSpecificationImpl.groovy)&#13;
io.restassured.internal.filter.SendRequestFilter.filter(SendRequestFilter.groovy:30)&#13;
io.restassured.internal.filter.FilterContextImpl.next(FilterContextImpl.groovy:72)&#13;
io.restassured.filter.time.TimingFilter.filter(TimingFilter.java:56)&#13;
io.restassured.internal.filter.FilterContextImpl.next(FilterContextImpl.groovy:72)&#13;
io.restassured.filter.log.RequestLoggingFilter.filter(RequestLoggingFilter.java:124)&#13;
io.restassured.internal.filter.FilterContextImpl.next(FilterContextImpl.groovy:72)&#13;
io.restassured.filter.log.RequestLoggingFilter.filter(RequestLoggingFilter.java:124)&#13;
net.serenitybdd.rest.filters.FieldsRecordingFilter.filter(FieldsRecordingFilter.java:40)&#13;
io.restassured.internal.filter.FilterContextImpl.next(FilterContextImpl.groovy:72)&#13;
io.restassured.filter.log.RequestLoggingFilter.filter(RequestLoggingFilter.java:124)&#13;
net.serenitybdd.rest.filters.FieldsRecordingFilter.filter(FieldsRecordingFilter.java:40)&#13;
io.restassured.internal.filter.FilterContextImpl.next(FilterContextImpl.groovy:72)&#13;
io.restassured.filter.log.RequestLoggingFilter.filter(RequestLoggingFilter.java:124)&#13;
net.serenitybdd.rest.filters.FieldsRecordingFilter.filter(FieldsRecordingFilter.java:40)&#13;
io.restassured.internal.filter.FilterContextImpl.next(FilterContextImpl.groovy:72)&#13;
io.restassured.filter.log.RequestLoggingFilter.filter(RequestLoggingFilter.java:124)&#13;
net.serenitybdd.rest.filters.FieldsRecordingFilter.filter(FieldsRecordingFilter.java:40)&#13;
io.restassured.internal.filter.FilterContextImpl.next(FilterContextImpl.groovy:72)&#13;
io.restassured.filter.log.RequestLoggingFilter.filter(RequestLoggingFilter.java:124)&#13;
net.serenitybdd.rest.filters.FieldsRecordingFilter.filter(FieldsRecordingFilter.java:40)&#13;
io.restassured.internal.filter.FilterContextImpl.next(FilterContextImpl.groovy:72)&#13;
io.restassured.filter.log.RequestLoggingFilter.filter(RequestLoggingFilter.java:124)&#13;
net.serenitybdd.rest.filters.FieldsRecordingFilter.filter(FieldsRecordingFilter.java:40)&#13;
io.restassured.internal.filter.FilterContextImpl.next(FilterContextImpl.groovy:72)&#13;
io.restassured.internal.RequestSpecificationImpl.applyPathParamsAndSendRequest(RequestSpecificationImpl.groovy:1722)&#13;
groovy.lang.MetaMethod.doMethodInvoke(MetaMethod.java:325)&#13;
groovy.lang.MetaClassImpl.invokeMethod(MetaClassImpl.java:1213)&#13;
groovy.lang.MetaClassImpl.invokeMethod(MetaClassImpl.java:1022)&#13;
groovy.lang.MetaClassImpl.invokeMethod(MetaClassImpl.java:810)&#13;
io.restassured.internal.RequestSpecificationImpl.invokeMethod(RequestSpecificationImpl.groovy)&#13;
io.restassured.internal.RequestSpecificationImpl.applyPathParamsAndSendRequest(RequestSpecificationImpl.groovy:1728)&#13;
groovy.lang.MetaMethod.doMethodInvoke(MetaMethod.java:325)&#13;
groovy.lang.MetaClassImpl.invokeMethod(MetaClassImpl.java:1213)&#13;
groovy.lang.MetaClassImpl.invokeMethod(MetaClassImpl.java:1022)&#13;
groovy.lang.MetaClassImpl.invokeMethod(MetaClassImpl.java:810)&#13;
io.restassured.internal.RequestSpecificationImpl.invokeMethod(RequestSpecificationImpl.groovy)&#13;
io.restassured.internal.RequestSpecificationImpl.post(RequestSpecificationImpl.groovy:172)&#13;
net.serenitybdd.rest.decorators.request.RequestSpecificationDecorated.execute(RequestSpecificationDecorated.java:224)&#13;
net.serenitybdd.rest.decorators.request.RequestSpecificationDecorated.post(RequestSpecificationDecorated.java:74)&#13;
net.serenitybdd.rest.decorators.request.RequestSpecificationDecorated.post(RequestSpecificationDecorated.java:27)&#13;
com.restapiexample.dummy.dummyinfosteps.DummySteps.updateDummy(DummySteps.java:69)&#13;
com.restapiexample.dummy.cucumber.MyStepdefs.userCanCreateNewEmployeeUsingPUTMethodInEmployeesApplication(MyStepdefs.java:65)&#13;
✽.When User can create new employee using PUT method in employees application(Productinfo.feature:15)&#13;
</system-err></testcase><testcase name="Check if User can Delete  employees in the application"><failure message="1 expectation failed.&#10;Expected status code &lt;204&gt; but was &lt;405&gt;.&#10;" type="java.lang.AssertionError">1 expectation failed.
Expected status code &lt;204&gt; but was &lt;405&gt;.
</failure><system-err>1 expectation failed.
Expected status code &lt;204&gt; but was &lt;405&gt;.
&#13;
io.restassured.internal.ResponseSpecificationImpl.validateResponseIfRequired(ResponseSpecificationImpl.groovy:636)&#13;
io.restassured.internal.ResponseSpecificationImpl.statusCode(ResponseSpecificationImpl.groovy:122)&#13;
io.restassured.internal.ResponseSpecificationImpl.statusCode(ResponseSpecificationImpl.groovy:130)&#13;
io.restassured.internal.ValidatableResponseOptionsImpl.statusCode(ValidatableResponseOptionsImpl.java:117)&#13;
com.restapiexample.dummy.cucumber.MyStepdefs.userCanDeleteNewEmployeeUsingDELETEMethodInEmployeesApplication(MyStepdefs.java:72)&#13;
✽.When User can Delete new employee using DELETE method in employees application(Productinfo.feature:20)&#13;
</system-err></testcase></testsuite>