<?xml version="1.0" encoding="UTF-8"?><testsuite errors="1" failures="0" name="com.restapiexample.dummy.dummyinfo.FirstTest" skipped="0" tests="1" time="0.0" timestamp="2022-06-06T23:01:57.238+01:00[Europe/London]"><testcase classname="com.restapiexample.dummy.dummyinfo.FirstTest" name="Initialisation"><error message="null" type="java.lang.NumberFormatException">null</error><system-err>null&#13;
com.restapiexample.dummy.testbase.TestBase.init(TestBase.java:19)&#13;
</system-err></testcase></testsuite>